BEGIN;
BEGIN
EXPLAIN (ANALYZE, BUFFERS)
select
	c_custkey,
	c_name,
	sum(l_extendedprice * (1 - l_discount)) as revenue,
	c_acctbal,
	n_name,
	c_address,
	c_phone,
	c_comment
from
	customer,
	orders,
	lineitem,
	nation
where
	c_custkey = o_custkey
	and l_orderkey = o_orderkey
	and o_orderdate >= date '1993-07-01'
	and o_orderdate < cast(date '1993-07-01' + interval '3 month' as date)
	and l_returnflag = 'R'
	and c_nationkey = n_nationkey
group by
	c_custkey,
	c_name,
	c_acctbal,
	c_phone,
	n_name,
	c_address,
	c_comment
order by
	revenue desc
LIMIT 20;
                                                                                                QUERY PLAN                                                                                                 
-----------------------------------------------------------------------------------------------------------------------------------------------------------------------------------------------------------
 Limit  (cost=1151562.63..1151562.68 rows=20 width=175) (actual time=28860.682..28860.691 rows=20 loops=1)
   Buffers: shared hit=1045261 read=378883 dirtied=320 written=530
   ->  Sort  (cost=1151562.63..1152959.65 rows=558806 width=175) (actual time=28860.678..28860.684 rows=20 loops=1)
         Sort Key: (sum((lineitem.l_extendedprice * (1::double precision - lineitem.l_discount))))
         Sort Method: top-N heapsort  Memory: 30kB
         Buffers: shared hit=1045261 read=378883 dirtied=320 written=530
         ->  HashAggregate  (cost=1131104.94..1136693.00 rows=558806 width=175) (actual time=28468.192..28713.330 rows=381890 loops=1)
               Group Key: customer.c_custkey, customer.c_name, customer.c_acctbal, customer.c_phone, nation.n_name, customer.c_address, customer.c_comment
               Buffers: shared hit=1045258 read=378883 dirtied=320 written=530
               ->  Hash Join  (cost=351481.71..1117134.79 rows=558806 width=175) (actual time=5996.353..26305.523 rows=1148347 loops=1)
                     Hash Cond: (customer.c_nationkey = nation.n_nationkey)
                     Buffers: shared hit=1045258 read=378883 dirtied=320 written=530
                     ->  Hash Join  (cost=351480.15..1109449.65 rows=558806 width=153) (actual time=5996.298..25858.338 rows=1148347 loops=1)
                           Hash Cond: (orders.o_custkey = customer.c_custkey)
                           Buffers: shared hit=1045257 read=378883 dirtied=320 written=530
                           ->  Hash Join  (cost=282452.15..1032039.56 rows=558806 width=12) (actual time=3307.689..22087.338 rows=1148347 loops=1)
                                 Hash Cond: (lineitem.l_orderkey = orders.o_orderkey)
                                 Buffers: shared hit=1043166 read=345696 dirtied=320 written=530
                                 ->  Index Scan using lineitem_l_orderkey_idx_l_returnflag on lineitem  (cost=0.43..688188.78 rows=14882934 width=12) (actual time=0.084..12771.875 rows=14823276 loops=1)
                                       Buffers: shared hit=845484 read=312422 dirtied=320 written=518
                                 ->  Hash  (cost=275369.50..275369.50 rows=566577 width=8) (actual time=3293.401..3293.401 rows=574350 loops=1)
                                       Buckets: 1048576  Batches: 1  Memory Usage: 30628kB
                                       Buffers: shared hit=197682 read=33274 written=12
                                       ->  Bitmap Heap Scan on orders  (cost=12083.85..275369.50 rows=566577 width=8) (actual time=814.174..2990.157 rows=574350 loops=1)
                                             Recheck Cond: ((o_orderdate >= '1993-07-01'::date) AND (o_orderdate < '1993-10-01'::date))
                                             Heap Blocks: exact=229360
                                             Buffers: shared hit=197682 read=33274 written=12
                                             ->  Bitmap Index Scan on orders_o_orderdate_o_orderkey_idx  (cost=0.00..11942.20 rows=566577 width=0) (actual time=580.280..580.280 rows=577082 loops=1)
                                                   Index Cond: ((o_orderdate >= '1993-07-01'::date) AND (o_orderdate < '1993-10-01'::date))
                                                   Buffers: shared read=1596
                           ->  Hash  (cost=50278.00..50278.00 rows=1500000 width=145) (actual time=2680.020..2680.020 rows=1500000 loops=1)
                                 Buckets: 2097152  Batches: 1  Memory Usage: 281501kB
                                 Buffers: shared hit=2091 read=33187
                                 ->  Seq Scan on customer  (cost=0.00..50278.00 rows=1500000 width=145) (actual time=0.018..1364.670 rows=1500000 loops=1)
                                       Buffers: shared hit=2091 read=33187
                     ->  Hash  (cost=1.25..1.25 rows=25 width=30) (actual time=0.029..0.029 rows=25 loops=1)
                           Buckets: 1024  Batches: 1  Memory Usage: 10kB
                           Buffers: shared hit=1
                           ->  Seq Scan on nation  (cost=0.00..1.25 rows=25 width=30) (actual time=0.009..0.016 rows=25 loops=1)
                                 Buffers: shared hit=1
 Planning time: 7.010 ms
 Execution time: 28881.630 ms
(42 rows)

COMMIT;
COMMIT
