BEGIN;
BEGIN
EXPLAIN (ANALYZE, BUFFERS)
select
	o_year,
	sum(case
		when nation = 'JAPAN' then volume
		else 0
	end) / sum(volume) as mkt_share
from
	(
		select
			extract(year from o_orderdate) as o_year,
			l_extendedprice * (1 - l_discount) as volume,
			n2.n_name as nation
		from
			part,
			supplier,
			lineitem,
			orders,
			customer,
			nation n1,
			nation n2,
			region
		where
			p_partkey = l_partkey
			and s_suppkey = l_suppkey
			and l_orderkey = o_orderkey
			and o_custkey = c_custkey
			and c_nationkey = n1.n_nationkey
			and n1.n_regionkey = r_regionkey
			and r_name = 'ASIA'
			and s_nationkey = n2.n_nationkey
			and o_orderdate between date '1995-01-01' and date '1996-12-31'
			and p_type = 'ECONOMY POLISHED BRASS'
	) as all_nations
group by
	o_year
order by
	o_year;
                                                                                                QUERY PLAN                                                                                                
----------------------------------------------------------------------------------------------------------------------------------------------------------------------------------------------------------
 Sort  (cost=1663498.79..1663500.62 rows=732 width=38) (actual time=13660.927..13660.927 rows=2 loops=1)
   Sort Key: (date_part('year'::text, (orders.o_orderdate)::timestamp without time zone))
   Sort Method: quicksort  Memory: 25kB
   Buffers: shared hit=1713673 read=277164 dirtied=1295 written=257
   ->  HashAggregate  (cost=1663451.15..1663463.96 rows=732 width=38) (actual time=13660.841..13660.842 rows=2 loops=1)
         Group Key: date_part('year'::text, (orders.o_orderdate)::timestamp without time zone)
         Buffers: shared hit=1713670 read=277164 dirtied=1295 written=257
         ->  Hash Join  (cost=39428.39..1662983.73 rows=23371 width=38) (actual time=1626.136..13608.377 rows=24172 loops=1)
               Hash Cond: (supplier.s_nationkey = n2.n_nationkey)
               Buffers: shared hit=1713670 read=277164 dirtied=1295 written=257
               ->  Nested Loop  (cost=39426.83..1662543.96 rows=23371 width=16) (actual time=1626.046..13551.514 rows=24172 loops=1)
                     Buffers: shared hit=1713666 read=277164 dirtied=1295 written=257
                     ->  Hash Join  (cost=39426.54..1655003.02 rows=23371 width=16) (actual time=1626.019..13279.120 rows=24172 loops=1)
                           Hash Cond: (orders.o_custkey = customer.c_custkey)
                           Buffers: shared hit=1641035 read=277164 dirtied=1295 written=257
                           ->  Nested Loop  (cost=395.85..1615300.42 rows=116856 width=20) (actual time=10.493..11531.306 rows=120393 loops=1)
                                 Buffers: shared hit=1531187 read=240775 dirtied=1295 written=214
                                 ->  Nested Loop  (cost=395.42..1427111.82 rows=384328 width=16) (actual time=10.427..5708.497 rows=395458 loops=1)
                                       Buffers: shared hit=245470 read=218352 dirtied=1265 written=191
                                       ->  Bitmap Heap Scan on part  (cost=394.85..27326.95 rows=12700 width=4) (actual time=10.325..240.410 rows=13188 loops=1)
                                             Recheck Cond: ((p_type)::text = 'ECONOMY POLISHED BRASS'::text)
                                             Heap Blocks: exact=11350
                                             Buffers: shared hit=54 read=11378 written=8
                                             ->  Bitmap Index Scan on part_p_type_p_partkey_idx  (cost=0.00..391.68 rows=12700 width=0) (actual time=7.344..7.344 rows=13188 loops=1)
                                                   Index Cond: ((p_type)::text = 'ECONOMY POLISHED BRASS'::text)
                                                   Buffers: shared read=82
                                       ->  Index Scan using lineitem_l_partkey_l_quantity_l_shipmode_idx on lineitem  (cost=0.56..109.91 rows=31 width=20) (actual time=0.037..0.400 rows=30 loops=13188)
                                             Index Cond: (l_partkey = part.p_partkey)
                                             Buffers: shared hit=245416 read=206974 dirtied=1265 written=183
                                 ->  Index Scan using orders_o_orderkey_o_orderdate_idx on orders  (cost=0.43..0.48 rows=1 width=12) (actual time=0.014..0.014 rows=0 loops=395458)
                                       Index Cond: ((o_orderkey = lineitem.l_orderkey) AND (o_orderdate >= '1995-01-01'::date) AND (o_orderdate <= '1996-12-31'::date))
                                       Buffers: shared hit=1285717 read=22423 dirtied=30 written=23
                           ->  Hash  (cost=35280.69..35280.69 rows=300000 width=4) (actual time=1609.657..1609.657 rows=300270 loops=1)
                                 Buckets: 524288  Batches: 1  Memory Usage: 14653kB
                                 Buffers: shared hit=109848 read=36389 written=43
                                 ->  Nested Loop  (cost=906.18..35280.69 rows=300000 width=4) (actual time=32.338..1443.609 rows=300270 loops=1)
                                       Buffers: shared hit=109848 read=36389 written=43
                                       ->  Hash Join  (cost=1.07..2.47 rows=5 width=4) (actual time=0.120..0.157 rows=5 loops=1)
                                             Hash Cond: (n1.n_regionkey = region.r_regionkey)
                                             Buffers: shared hit=2
                                             ->  Seq Scan on nation n1  (cost=0.00..1.25 rows=25 width=8) (actual time=0.008..0.059 rows=25 loops=1)
                                                   Buffers: shared hit=1
                                             ->  Hash  (cost=1.06..1.06 rows=1 width=4) (actual time=0.028..0.028 rows=1 loops=1)
                                                   Buckets: 1024  Batches: 1  Memory Usage: 9kB
                                                   Buffers: shared hit=1
                                                   ->  Seq Scan on region  (cost=0.00..1.06 rows=1 width=4) (actual time=0.019..0.021 rows=1 loops=1)
                                                         Filter: (r_name = 'ASIA'::bpchar)
                                                         Rows Removed by Filter: 4
                                                         Buffers: shared hit=1
                                       ->  Bitmap Heap Scan on customer  (cost=905.11..6455.64 rows=60000 width=8) (actual time=28.132..269.229 rows=60054 loops=5)
                                             Recheck Cond: (c_nationkey = n1.n_nationkey)
                                             Heap Blocks: exact=145400
                                             Buffers: shared hit=109846 read=36389 written=43
                                             ->  Bitmap Index Scan on customer_c_nationkey_c_custkey_idx  (cost=0.00..890.11 rows=60000 width=0) (actual time=18.919..18.919 rows=60054 loops=5)
                                                   Index Cond: (c_nationkey = n1.n_nationkey)
                                                   Buffers: shared hit=5 read=830 written=1
                     ->  Index Scan using pk_supplier on supplier  (cost=0.29..0.31 rows=1 width=8) (actual time=0.009..0.010 rows=1 loops=24172)
                           Index Cond: (s_suppkey = lineitem.l_suppkey)
                           Buffers: shared hit=72631
               ->  Hash  (cost=1.25..1.25 rows=25 width=30) (actual time=0.035..0.035 rows=25 loops=1)
                     Buckets: 1024  Batches: 1  Memory Usage: 10kB
                     Buffers: shared hit=1
                     ->  Seq Scan on nation n2  (cost=0.00..1.25 rows=25 width=30) (actual time=0.004..0.010 rows=25 loops=1)
                           Buffers: shared hit=1
 Planning time: 13.789 ms
 Execution time: 13662.219 ms
(66 rows)

COMMIT;
COMMIT
