BEGIN;
BEGIN
EXPLAIN (ANALYZE, BUFFERS)
select
	s_name,
	count(*) as numwait
from
	supplier,
	lineitem l1,
	orders,
	nation
where
	s_suppkey = l1.l_suppkey
	and o_orderkey = l1.l_orderkey
	and o_orderstatus = 'F'
	and l1.l_receiptdate > l1.l_commitdate
	and exists (
		select
			*
		from
			lineitem l2
		where
			l2.l_orderkey = l1.l_orderkey
			and l2.l_suppkey <> l1.l_suppkey
	)
	and not exists (
		select
			*
		from
			lineitem l3
		where
			l3.l_orderkey = l1.l_orderkey
			and l3.l_suppkey <> l1.l_suppkey
			and l3.l_receiptdate > l3.l_commitdate
	)
	and s_nationkey = n_nationkey
	and n_name = 'BRAZIL'
group by
	s_name
order by
	numwait desc,
	s_name
LIMIT 100;
                                                                                                 QUERY PLAN                                                                                                 
------------------------------------------------------------------------------------------------------------------------------------------------------------------------------------------------------------
 Limit  (cost=1956580.80..1956580.81 rows=1 width=26) (actual time=51769.631..51769.650 rows=100 loops=1)
   Buffers: shared hit=13759702 read=791303 dirtied=289 written=5264
   ->  Sort  (cost=1956580.80..1956580.81 rows=1 width=26) (actual time=51769.628..51769.636 rows=100 loops=1)
         Sort Key: (count(*)), supplier.s_name
         Sort Method: top-N heapsort  Memory: 32kB
         Buffers: shared hit=13759702 read=791303 dirtied=289 written=5264
         ->  HashAggregate  (cost=1956580.78..1956580.79 rows=1 width=26) (actual time=51765.984..51768.346 rows=3995 loops=1)
               Group Key: supplier.s_name
               Buffers: shared hit=13759694 read=791303 dirtied=289 written=5264
               ->  Nested Loop Anti Join  (cost=2443.74..1956580.78 rows=1 width=26) (actual time=24.159..51671.411 rows=39578 loops=1)
                     Buffers: shared hit=13759694 read=791303 dirtied=289 written=5264
                     ->  Nested Loop Semi Join  (cost=2443.17..1956579.47 rows=1 width=34) (actual time=24.011..48252.030 rows=704978 loops=1)
                           Join Filter: (orders.o_orderkey = l2.l_orderkey)
                           Buffers: shared hit=10228617 read=789342 dirtied=289 written=5249
                           ->  Nested Loop  (cost=2442.61..1436192.16 rows=389469 width=38) (actual time=23.978..42049.051 rows=731719 loops=1)
                                 Buffers: shared hit=6728011 read=625449 dirtied=121 written=4147
                                 ->  Hash Join  (cost=2442.17..1013470.00 rows=803002 width=34) (actual time=23.723..32157.496 rows=1516407 loops=1)
                                       Hash Cond: (l1.l_suppkey = supplier.s_suppkey)
                                       Buffers: shared hit=718912 read=560595 written=3697
                                       ->  Index Scan using lineitem_l_orderkey_idx_part1 on lineitem l1  (cost=0.56..927716.94 rows=20075050 width=8) (actual time=0.122..21327.614 rows=37966584 loops=1)
                                             Buffers: shared hit=717060 read=560582 written=3697
                                       ->  Hash  (cost=2391.61..2391.61 rows=4000 width=30) (actual time=23.517..23.517 rows=3995 loops=1)
                                             Buckets: 4096  Batches: 1  Memory Usage: 282kB
                                             Buffers: shared hit=1849 read=13
                                             ->  Nested Loop  (cost=79.29..2391.61 rows=4000 width=30) (actual time=1.702..21.263 rows=3995 loops=1)
                                                   Buffers: shared hit=1849 read=13
                                                   ->  Seq Scan on nation  (cost=0.00..1.31 rows=1 width=4) (actual time=0.012..0.024 rows=1 loops=1)
                                                         Filter: (n_name = 'BRAZIL'::bpchar)
                                                         Rows Removed by Filter: 24
                                                         Buffers: shared hit=1
                                                   ->  Bitmap Heap Scan on supplier  (cost=79.29..2350.29 rows=4000 width=34) (actual time=1.680..19.709 rows=3995 loops=1)
                                                         Recheck Cond: (s_nationkey = nation.n_nationkey)
                                                         Heap Blocks: exact=1848
                                                         Buffers: shared hit=1848 read=13
                                                         ->  Bitmap Index Scan on supplier_s_nationkey_s_suppkey_idx  (cost=0.00..78.29 rows=4000 width=0) (actual time=1.303..1.303 rows=3995 loops=1)
                                                               Index Cond: (s_nationkey = nation.n_nationkey)
                                                               Buffers: shared read=13
                                 ->  Index Scan using orders_o_orderkey_o_orderdate_idx on orders  (cost=0.43..0.52 rows=1 width=4) (actual time=0.006..0.006 rows=0 loops=1516407)
                                       Index Cond: (o_orderkey = l1.l_orderkey)
                                       Filter: (o_orderstatus = 'F'::bpchar)
                                       Rows Removed by Filter: 1
                                       Buffers: shared hit=6009099 read=64854 dirtied=121 written=450
                           ->  Index Scan using lineitem_l_orderkey_idx on lineitem l2  (cost=0.56..1.15 rows=15 width=8) (actual time=0.008..0.008 rows=1 loops=731719)
                                 Index Cond: (l_orderkey = l1.l_orderkey)
                                 Filter: (l_suppkey <> l1.l_suppkey)
                                 Rows Removed by Filter: 0
                                 Buffers: shared hit=3500606 read=163893 dirtied=168 written=1102
                     ->  Index Scan using lineitem_l_orderkey_idx_part1 on lineitem l3  (cost=0.56..0.91 rows=5 width=8) (actual time=0.004..0.004 rows=1 loops=704978)
                           Index Cond: (l_orderkey = l1.l_orderkey)
                           Filter: (l_suppkey <> l1.l_suppkey)
                           Rows Removed by Filter: 0
                           Buffers: shared hit=3531077 read=1961 written=15
 Planning time: 17.027 ms
 Execution time: 51770.203 ms
(54 rows)

COMMIT;
COMMIT
