BEGIN;
BEGIN
EXPLAIN (ANALYZE, BUFFERS)
select
	sum(l_extendedprice) / 7.0 as avg_yearly
from
	lineitem,
	part
where
	p_partkey = l_partkey
	and p_brand = 'Brand#14'
	and p_container = 'SM JAR'
	and l_quantity < (
		select
			0.2 * avg(l_quantity)
		from
			lineitem
		where
			l_partkey = p_partkey
	);
                                                                                               QUERY PLAN                                                                                               
--------------------------------------------------------------------------------------------------------------------------------------------------------------------------------------------------------
 Aggregate  (cost=354132.23..354132.24 rows=1 width=4) (actual time=794.678..794.678 rows=1 loops=1)
   Buffers: shared hit=57482 read=26760 dirtied=229 written=1304
   ->  Nested Loop  (cost=130.19..354081.89 rows=20135 width=4) (actual time=1.079..793.764 rows=5391 loops=1)
         Buffers: shared hit=57482 read=26760 dirtied=229 written=1304
         ->  Index Only Scan using part_p_container_p_brand_p_partkey_idx on part  (cost=0.43..7872.92 rows=1993 width=4) (actual time=0.208..29.830 rows=2001 loops=1)
               Index Cond: ((p_container = 'SM JAR'::bpchar) AND (p_brand = 'Brand#14'::bpchar))
               Heap Fetches: 2001
               Buffers: shared hit=682 read=1289 written=50
         ->  Index Scan using lineitem_l_partkey_l_quantity_l_shipmode_idx on lineitem  (cost=129.76..173.61 rows=10 width=12) (actual time=0.006..0.007 rows=3 loops=2001)
               Index Cond: ((l_partkey = part.p_partkey) AND (l_quantity < (SubPlan 1)))
               Buffers: shared hit=13447
               SubPlan 1
                 ->  Aggregate  (cost=129.19..129.20 rows=1 width=4) (actual time=0.371..0.371 rows=1 loops=2001)
                       Buffers: shared hit=43353 read=25471 dirtied=229 written=1254
                       ->  Index Only Scan using lineitem_l_partkey_l_quantity_l_shipmode_idx on lineitem lineitem_1  (cost=0.56..129.11 rows=31 width=4) (actual time=0.037..0.362 rows=30 loops=2001)
                             Index Cond: (l_partkey = part.p_partkey)
                             Heap Fetches: 60508
                             Buffers: shared hit=43353 read=25471 dirtied=229 written=1254
               SubPlan 1
                 ->  Aggregate  (cost=129.19..129.20 rows=1 width=4) (actual time=0.371..0.371 rows=1 loops=2001)
                       Buffers: shared hit=43353 read=25471 dirtied=229 written=1254
                       ->  Index Only Scan using lineitem_l_partkey_l_quantity_l_shipmode_idx on lineitem lineitem_1  (cost=0.56..129.11 rows=31 width=4) (actual time=0.037..0.362 rows=30 loops=2001)
                             Index Cond: (l_partkey = part.p_partkey)
                             Heap Fetches: 60508
                             Buffers: shared hit=43353 read=25471 dirtied=229 written=1254
 Planning time: 3.804 ms
 Execution time: 794.855 ms
(27 rows)

COMMIT;
COMMIT
