BEGIN;
BEGIN
EXPLAIN (ANALYZE, BUFFERS)
select
	c_custkey,
	c_name,
	sum(l_extendedprice * (1 - l_discount)) as revenue,
	c_acctbal,
	n_name,
	c_address,
	c_phone,
	c_comment
from
	customer,
	orders,
	lineitem,
	nation
where
	c_custkey = o_custkey
	and l_orderkey = o_orderkey
	and o_orderdate >= date '1994-05-01'
	and o_orderdate < cast(date '1994-05-01' + interval '3 month' as date)
	and l_returnflag = 'R'
	and c_nationkey = n_nationkey
group by
	c_custkey,
	c_name,
	c_acctbal,
	c_phone,
	n_name,
	c_address,
	c_comment
order by
	revenue desc
LIMIT 20;
                                                                                                QUERY PLAN                                                                                                 
-----------------------------------------------------------------------------------------------------------------------------------------------------------------------------------------------------------
 Limit  (cost=1151540.18..1151540.23 rows=20 width=175) (actual time=31091.423..31091.430 rows=20 loops=1)
   Buffers: shared hit=775583 read=643265 written=7704
   ->  Sort  (cost=1151540.18..1152971.44 rows=572501 width=175) (actual time=31091.418..31091.423 rows=20 loops=1)
         Sort Key: (sum((lineitem.l_extendedprice * (1::double precision - lineitem.l_discount))))
         Sort Method: top-N heapsort  Memory: 30kB
         Buffers: shared hit=775583 read=643265 written=7704
         ->  HashAggregate  (cost=1130581.13..1136306.14 rows=572501 width=175) (actual time=30521.596..30931.651 rows=381821 loops=1)
               Group Key: customer.c_custkey, customer.c_name, customer.c_acctbal, customer.c_phone, nation.n_name, customer.c_address, customer.c_comment
               Buffers: shared hit=775580 read=643265 written=7704
               ->  Hash Join  (cost=351567.95..1116268.60 rows=572501 width=175) (actual time=4939.295..28054.196 rows=1150038 loops=1)
                     Hash Cond: (customer.c_nationkey = nation.n_nationkey)
                     Buffers: shared hit=775580 read=643265 written=7704
                     ->  Hash Join  (cost=351566.39..1108395.15 rows=572501 width=153) (actual time=4939.240..27577.113 rows=1150038 loops=1)
                           Hash Cond: (orders.o_custkey = customer.c_custkey)
                           Buffers: shared hit=775579 read=643265 written=7704
                           ->  Hash Join  (cost=282538.39..1030779.64 rows=572501 width=12) (actual time=3081.938..24424.135 rows=1150038 loops=1)
                                 Hash Cond: (lineitem.l_orderkey = orders.o_orderkey)
                                 Buffers: shared hit=761275 read=622291 written=7704
                                 ->  Index Scan using lineitem_l_orderkey_idx_l_returnflag on lineitem  (cost=0.43..686816.69 rows=14853329 width=12) (actual time=0.070..15615.611 rows=14823114 loops=1)
                                       Buffers: shared hit=599293 read=553725 written=7704
                                 ->  Hash  (cost=275282.15..275282.15 rows=580464 width=8) (actual time=3076.098..3076.098 rows=574594 loops=1)
                                       Buckets: 1048576  Batches: 1  Memory Usage: 30638kB
                                       Buffers: shared hit=161982 read=68566
                                       ->  Bitmap Heap Scan on orders  (cost=12294.19..275282.15 rows=580464 width=8) (actual time=313.052..2801.409 rows=574594 loops=1)
                                             Recheck Cond: ((o_orderdate >= '1994-05-01'::date) AND (o_orderdate < '1994-08-01'::date))
                                             Heap Blocks: exact=228977
                                             Buffers: shared hit=161982 read=68566
                                             ->  Bitmap Index Scan on orders_o_orderdate_o_orderkey_idx  (cost=0.00..12149.07 rows=580464 width=0) (actual time=228.415..228.415 rows=576360 loops=1)
                                                   Index Cond: ((o_orderdate >= '1994-05-01'::date) AND (o_orderdate < '1994-08-01'::date))
                                                   Buffers: shared read=1571
                           ->  Hash  (cost=50278.00..50278.00 rows=1500000 width=145) (actual time=1844.310..1844.310 rows=1500000 loops=1)
                                 Buckets: 2097152  Batches: 1  Memory Usage: 281501kB
                                 Buffers: shared hit=14304 read=20974
                                 ->  Seq Scan on customer  (cost=0.00..50278.00 rows=1500000 width=145) (actual time=0.017..910.800 rows=1500000 loops=1)
                                       Buffers: shared hit=14304 read=20974
                     ->  Hash  (cost=1.25..1.25 rows=25 width=30) (actual time=0.030..0.030 rows=25 loops=1)
                           Buckets: 1024  Batches: 1  Memory Usage: 10kB
                           Buffers: shared hit=1
                           ->  Seq Scan on nation  (cost=0.00..1.25 rows=25 width=30) (actual time=0.008..0.013 rows=25 loops=1)
                                 Buffers: shared hit=1
 Planning time: 6.432 ms
 Execution time: 31119.535 ms
(42 rows)

COMMIT;
COMMIT
