BEGIN;
BEGIN
EXPLAIN (ANALYZE, BUFFERS)
select
	s_name,
	count(*) as numwait
from
	supplier,
	lineitem l1,
	orders,
	nation
where
	s_suppkey = l1.l_suppkey
	and o_orderkey = l1.l_orderkey
	and o_orderstatus = 'F'
	and l1.l_receiptdate > l1.l_commitdate
	and exists (
		select
			*
		from
			lineitem l2
		where
			l2.l_orderkey = l1.l_orderkey
			and l2.l_suppkey <> l1.l_suppkey
	)
	and not exists (
		select
			*
		from
			lineitem l3
		where
			l3.l_orderkey = l1.l_orderkey
			and l3.l_suppkey <> l1.l_suppkey
			and l3.l_receiptdate > l3.l_commitdate
	)
	and s_nationkey = n_nationkey
	and n_name = 'MOROCCO'
group by
	s_name
order by
	numwait desc,
	s_name
LIMIT 100;
                                                                                                 QUERY PLAN                                                                                                 
------------------------------------------------------------------------------------------------------------------------------------------------------------------------------------------------------------
 Limit  (cost=1972287.34..1972287.34 rows=1 width=26) (actual time=49321.045..49321.065 rows=100 loops=1)
   Buffers: shared hit=14136254 read=408695 dirtied=1362 written=5769
   ->  Sort  (cost=1972287.34..1972287.34 rows=1 width=26) (actual time=49321.041..49321.047 rows=100 loops=1)
         Sort Key: (count(*)), supplier.s_name
         Sort Method: top-N heapsort  Memory: 32kB
         Buffers: shared hit=14136254 read=408695 dirtied=1362 written=5769
         ->  HashAggregate  (cost=1972287.32..1972287.33 rows=1 width=26) (actual time=49317.650..49319.784 rows=3989 loops=1)
               Group Key: supplier.s_name
               Buffers: shared hit=14136246 read=408695 dirtied=1362 written=5769
               ->  Nested Loop Anti Join  (cost=2443.74..1972287.31 rows=1 width=26) (actual time=25.235..49224.407 rows=39779 loops=1)
                     Buffers: shared hit=14136246 read=408695 dirtied=1362 written=5769
                     ->  Nested Loop Semi Join  (cost=2443.17..1972286.00 rows=1 width=34) (actual time=22.274..45861.762 rows=704113 loops=1)
                           Join Filter: (orders.o_orderkey = l2.l_orderkey)
                           Buffers: shared hit=10608557 read=407799 dirtied=1362 written=5755
                           ->  Nested Loop  (cost=2442.61..1447667.20 rows=392572 width=38) (actual time=22.243..40359.699 rows=731015 loops=1)
                                 Buffers: shared hit=7006522 read=348715 dirtied=1362 written=4937
                                 ->  Hash Join  (cost=2442.17..1021524.67 rows=809400 width=34) (actual time=22.202..30666.788 rows=1514303 loops=1)
                                       Hash Cond: (l1.l_suppkey = supplier.s_suppkey)
                                       Buffers: shared hit=974322 read=315614 dirtied=1362 written=4325
                                       ->  Index Scan using lineitem_l_orderkey_idx_part1 on lineitem l1  (cost=0.56..935107.85 rows=20234988 width=8) (actual time=0.099..19897.141 rows=37966174 loops=1)
                                             Buffers: shared hit=972465 read=315601 dirtied=1362 written=4325
                                       ->  Hash  (cost=2391.61..2391.61 rows=4000 width=30) (actual time=22.039..22.039 rows=3990 loops=1)
                                             Buckets: 4096  Batches: 1  Memory Usage: 282kB
                                             Buffers: shared hit=1854 read=13
                                             ->  Nested Loop  (cost=79.29..2391.61 rows=4000 width=30) (actual time=1.646..20.117 rows=3990 loops=1)
                                                   Buffers: shared hit=1854 read=13
                                                   ->  Seq Scan on nation  (cost=0.00..1.31 rows=1 width=4) (actual time=0.012..0.018 rows=1 loops=1)
                                                         Filter: (n_name = 'MOROCCO'::bpchar)
                                                         Rows Removed by Filter: 24
                                                         Buffers: shared hit=1
                                                   ->  Bitmap Heap Scan on supplier  (cost=79.29..2350.29 rows=4000 width=34) (actual time=1.627..18.705 rows=3990 loops=1)
                                                         Recheck Cond: (s_nationkey = nation.n_nationkey)
                                                         Heap Blocks: exact=1853
                                                         Buffers: shared hit=1853 read=13
                                                         ->  Bitmap Index Scan on supplier_s_nationkey_s_suppkey_idx  (cost=0.00..78.29 rows=4000 width=0) (actual time=1.259..1.259 rows=3990 loops=1)
                                                               Index Cond: (s_nationkey = nation.n_nationkey)
                                                               Buffers: shared read=13
                                 ->  Index Scan using orders_o_orderkey_o_orderdate_idx on orders  (cost=0.43..0.52 rows=1 width=4) (actual time=0.006..0.006 rows=0 loops=1514303)
                                       Index Cond: (o_orderkey = l1.l_orderkey)
                                       Filter: (o_orderstatus = 'F'::bpchar)
                                       Rows Removed by Filter: 1
                                       Buffers: shared hit=6032200 read=33101 written=612
                           ->  Index Scan using lineitem_l_orderkey_idx on lineitem l2  (cost=0.56..1.15 rows=15 width=8) (actual time=0.007..0.007 rows=1 loops=731015)
                                 Index Cond: (l_orderkey = l1.l_orderkey)
                                 Filter: (l_suppkey <> l1.l_suppkey)
                                 Rows Removed by Filter: 0
                                 Buffers: shared hit=3602035 read=59084 written=818
                     ->  Index Scan using lineitem_l_orderkey_idx_part1 on lineitem l3  (cost=0.56..0.91 rows=5 width=8) (actual time=0.004..0.004 rows=1 loops=704113)
                           Index Cond: (l_orderkey = l1.l_orderkey)
                           Filter: (l_suppkey <> l1.l_suppkey)
                           Rows Removed by Filter: 0
                           Buffers: shared hit=3527689 read=896 written=14
 Planning time: 15.909 ms
 Execution time: 49321.602 ms
(54 rows)

COMMIT;
COMMIT
