BEGIN;
BEGIN
EXPLAIN (ANALYZE, BUFFERS)
select
	c_custkey,
	c_name,
	sum(l_extendedprice * (1 - l_discount)) as revenue,
	c_acctbal,
	n_name,
	c_address,
	c_phone,
	c_comment
from
	customer,
	orders,
	lineitem,
	nation
where
	c_custkey = o_custkey
	and l_orderkey = o_orderkey
	and o_orderdate >= date '1993-08-01'
	and o_orderdate < cast(date '1993-08-01' + interval '3 month' as date)
	and l_returnflag = 'R'
	and c_nationkey = n_nationkey
group by
	c_custkey,
	c_name,
	c_acctbal,
	c_phone,
	n_name,
	c_address,
	c_comment
order by
	revenue desc
LIMIT 20;
                                                                                                QUERY PLAN                                                                                                 
-----------------------------------------------------------------------------------------------------------------------------------------------------------------------------------------------------------
 Limit  (cost=1158238.06..1158238.11 rows=20 width=175) (actual time=30562.689..30562.698 rows=20 loops=1)
   Buffers: shared hit=764235 read=660396 dirtied=233 written=731
   ->  Sort  (cost=1158238.06..1159643.40 rows=562137 width=175) (actual time=30562.683..30562.691 rows=20 loops=1)
         Sort Key: (sum((lineitem.l_extendedprice * (1::double precision - lineitem.l_discount))))
         Sort Method: top-N heapsort  Memory: 30kB
         Buffers: shared hit=764235 read=660396 dirtied=233 written=731
         ->  HashAggregate  (cost=1137658.42..1143279.79 rows=562137 width=175) (actual time=30192.782..30417.056 rows=381869 loops=1)
               Group Key: customer.c_custkey, customer.c_name, customer.c_acctbal, customer.c_phone, nation.n_name, customer.c_address, customer.c_comment
               Buffers: shared hit=764232 read=660396 dirtied=233 written=731
               ->  Hash Join  (cost=353389.31..1123605.00 rows=562137 width=175) (actual time=5678.694..27727.363 rows=1147636 loops=1)
                     Hash Cond: (customer.c_nationkey = nation.n_nationkey)
                     Buffers: shared hit=764232 read=660396 dirtied=233 written=731
                     ->  Hash Join  (cost=353387.75..1115874.05 rows=562137 width=153) (actual time=5678.651..27290.420 rows=1147636 loops=1)
                           Hash Cond: (orders.o_custkey = customer.c_custkey)
                           Buffers: shared hit=764231 read=660396 dirtied=233 written=731
                           ->  Hash Join  (cost=284359.75..1038414.00 rows=562137 width=12) (actual time=3582.853..23964.181 rows=1147636 loops=1)
                                 Hash Cond: (lineitem.l_orderkey = orders.o_orderkey)
                                 Buffers: shared hit=764229 read=625120 dirtied=233 written=679
                                 ->  Index Scan using lineitem_l_orderkey_idx_l_returnflag on lineitem  (cost=0.43..692289.57 rows=14971665 width=12) (actual time=0.056..15395.047 rows=14822519 loops=1)
                                       Buffers: shared hit=626073 read=530979 dirtied=1 written=520
                                 ->  Hash  (cost=277234.85..277234.85 rows=569957 width=8) (actual time=3577.309..3577.309 rows=574406 loops=1)
                                       Buckets: 1048576  Batches: 1  Memory Usage: 30630kB
                                       Buffers: shared hit=138156 read=94141 dirtied=232 written=159
                                       ->  Bitmap Heap Scan on orders  (cost=12378.49..277234.85 rows=569957 width=8) (actual time=356.973..3291.658 rows=574406 loops=1)
                                             Recheck Cond: ((o_orderdate >= '1993-08-01'::date) AND (o_orderdate < '1993-11-01'::date))
                                             Heap Blocks: exact=230635
                                             Buffers: shared hit=138156 read=94141 dirtied=232 written=159
                                             ->  Bitmap Index Scan on orders_o_orderdate_o_orderkey_idx  (cost=0.00..12236.00 rows=569957 width=0) (actual time=255.623..255.623 rows=580504 loops=1)
                                                   Index Cond: ((o_orderdate >= '1993-08-01'::date) AND (o_orderdate < '1993-11-01'::date))
                                                   Buffers: shared read=1662 written=2
                           ->  Hash  (cost=50278.00..50278.00 rows=1500000 width=145) (actual time=2077.618..2077.618 rows=1500000 loops=1)
                                 Buckets: 2097152  Batches: 1  Memory Usage: 281501kB
                                 Buffers: shared hit=2 read=35276 written=52
                                 ->  Seq Scan on customer  (cost=0.00..50278.00 rows=1500000 width=145) (actual time=0.011..990.434 rows=1500000 loops=1)
                                       Buffers: shared hit=2 read=35276 written=52
                     ->  Hash  (cost=1.25..1.25 rows=25 width=30) (actual time=0.022..0.022 rows=25 loops=1)
                           Buckets: 1024  Batches: 1  Memory Usage: 10kB
                           Buffers: shared hit=1
                           ->  Seq Scan on nation  (cost=0.00..1.25 rows=25 width=30) (actual time=0.006..0.008 rows=25 loops=1)
                                 Buffers: shared hit=1
 Planning time: 5.334 ms
 Execution time: 30584.722 ms
(42 rows)

COMMIT;
COMMIT
