BEGIN;
BEGIN
EXPLAIN (ANALYZE, BUFFERS)
select
	s_name,
	count(*) as numwait
from
	supplier,
	lineitem l1,
	orders,
	nation
where
	s_suppkey = l1.l_suppkey
	and o_orderkey = l1.l_orderkey
	and o_orderstatus = 'F'
	and l1.l_receiptdate > l1.l_commitdate
	and exists (
		select
			*
		from
			lineitem l2
		where
			l2.l_orderkey = l1.l_orderkey
			and l2.l_suppkey <> l1.l_suppkey
	)
	and not exists (
		select
			*
		from
			lineitem l3
		where
			l3.l_orderkey = l1.l_orderkey
			and l3.l_suppkey <> l1.l_suppkey
			and l3.l_receiptdate > l3.l_commitdate
	)
	and s_nationkey = n_nationkey
	and n_name = 'GERMANY'
group by
	s_name
order by
	numwait desc,
	s_name
LIMIT 100;
                                                                                                 QUERY PLAN                                                                                                 
------------------------------------------------------------------------------------------------------------------------------------------------------------------------------------------------------------
 Limit  (cost=1950701.21..1950701.21 rows=1 width=26) (actual time=51361.028..51361.046 rows=100 loops=1)
   Buffers: shared hit=14467522 read=239193 dirtied=111 written=2131
   ->  Sort  (cost=1950701.21..1950701.21 rows=1 width=26) (actual time=51361.025..51361.033 rows=100 loops=1)
         Sort Key: (count(*)), supplier.s_name
         Sort Method: top-N heapsort  Memory: 32kB
         Buffers: shared hit=14467522 read=239193 dirtied=111 written=2131
         ->  HashAggregate  (cost=1950701.19..1950701.20 rows=1 width=26) (actual time=51358.445..51359.763 rows=4049 loops=1)
               Group Key: supplier.s_name
               Buffers: shared hit=14467514 read=239193 dirtied=111 written=2131
               ->  Nested Loop Anti Join  (cost=2443.74..1950701.18 rows=1 width=26) (actual time=97.866..51259.691 rows=40107 loops=1)
                     Buffers: shared hit=14467514 read=239193 dirtied=111 written=2131
                     ->  Nested Loop Semi Join  (cost=2443.17..1950699.88 rows=1 width=34) (actual time=97.302..47385.178 rows=714640 loops=1)
                           Join Filter: (orders.o_orderkey = l2.l_orderkey)
                           Buffers: shared hit=10886298 read=238803 dirtied=111 written=2129
                           ->  Nested Loop  (cost=2442.61..1431894.86 rows=388308 width=38) (actual time=97.281..41265.759 rows=741615 loops=1)
                                 Buffers: shared hit=7226713 read=184141 dirtied=111 written=1439
                                 ->  Hash Join  (cost=2442.17..1010453.46 rows=800607 width=34) (actual time=97.237..30749.861 rows=1534314 loops=1)
                                       Hash Cond: (l1.l_suppkey = supplier.s_suppkey)
                                       Buffers: shared hit=1120169 read=144949 dirtied=111 written=960
                                       ->  Index Scan using lineitem_l_orderkey_idx_part1 on lineitem l1  (cost=0.56..924948.92 rows=20015163 width=8) (actual time=0.114..19224.973 rows=37928797 loops=1)
                                             Buffers: shared hit=1119212 read=144058 dirtied=111 written=960
                                       ->  Hash  (cost=2391.61..2391.61 rows=4000 width=30) (actual time=97.036..97.036 rows=4049 loops=1)
                                             Buckets: 4096  Batches: 1  Memory Usage: 286kB
                                             Buffers: shared hit=954 read=891
                                             ->  Nested Loop  (cost=79.29..2391.61 rows=4000 width=30) (actual time=1.256..94.587 rows=4049 loops=1)
                                                   Buffers: shared hit=954 read=891
                                                   ->  Seq Scan on nation  (cost=0.00..1.31 rows=1 width=4) (actual time=0.015..0.024 rows=1 loops=1)
                                                         Filter: (n_name = 'GERMANY'::bpchar)
                                                         Rows Removed by Filter: 24
                                                         Buffers: shared hit=1
                                                   ->  Bitmap Heap Scan on supplier  (cost=79.29..2350.29 rows=4000 width=34) (actual time=1.233..92.930 rows=4049 loops=1)
                                                         Recheck Cond: (s_nationkey = nation.n_nationkey)
                                                         Heap Blocks: exact=1831
                                                         Buffers: shared hit=953 read=891
                                                         ->  Bitmap Index Scan on supplier_s_nationkey_s_suppkey_idx  (cost=0.00..78.29 rows=4000 width=0) (actual time=0.921..0.921 rows=4049 loops=1)
                                                               Index Cond: (s_nationkey = nation.n_nationkey)
                                                               Buffers: shared read=13
                                 ->  Index Scan using orders_o_orderkey_o_orderdate_idx on orders  (cost=0.43..0.52 rows=1 width=4) (actual time=0.006..0.006 rows=0 loops=1534314)
                                       Index Cond: (o_orderkey = l1.l_orderkey)
                                       Filter: (o_orderstatus = 'F'::bpchar)
                                       Rows Removed by Filter: 1
                                       Buffers: shared hit=6106544 read=39192 written=479
                           ->  Index Scan using lineitem_l_orderkey_idx on lineitem l2  (cost=0.56..1.15 rows=15 width=8) (actual time=0.007..0.007 rows=1 loops=741615)
                                 Index Cond: (l_orderkey = l1.l_orderkey)
                                 Filter: (l_suppkey <> l1.l_suppkey)
                                 Rows Removed by Filter: 0
                                 Buffers: shared hit=3659585 read=54662 written=690
                     ->  Index Scan using lineitem_l_orderkey_idx_part1 on lineitem l3  (cost=0.56..0.91 rows=5 width=8) (actual time=0.005..0.005 rows=1 loops=714640)
                           Index Cond: (l_orderkey = l1.l_orderkey)
                           Filter: (l_suppkey <> l1.l_suppkey)
                           Rows Removed by Filter: 0
                           Buffers: shared hit=3581216 read=390 written=2
 Planning time: 13.755 ms
 Execution time: 51361.506 ms
(54 rows)

COMMIT;
COMMIT
