BEGIN;
BEGIN
EXPLAIN (ANALYZE, BUFFERS)
select
	s_name,
	count(*) as numwait
from
	supplier,
	lineitem l1,
	orders,
	nation
where
	s_suppkey = l1.l_suppkey
	and o_orderkey = l1.l_orderkey
	and o_orderstatus = 'F'
	and l1.l_receiptdate > l1.l_commitdate
	and exists (
		select
			*
		from
			lineitem l2
		where
			l2.l_orderkey = l1.l_orderkey
			and l2.l_suppkey <> l1.l_suppkey
	)
	and not exists (
		select
			*
		from
			lineitem l3
		where
			l3.l_orderkey = l1.l_orderkey
			and l3.l_suppkey <> l1.l_suppkey
			and l3.l_receiptdate > l3.l_commitdate
	)
	and s_nationkey = n_nationkey
	and n_name = 'RUSSIA'
group by
	s_name
order by
	numwait desc,
	s_name
LIMIT 100;
                                                                                                 QUERY PLAN                                                                                                 
------------------------------------------------------------------------------------------------------------------------------------------------------------------------------------------------------------
 Limit  (cost=1955165.18..1955165.18 rows=1 width=26) (actual time=58102.649..58102.669 rows=100 loops=1)
   Buffers: shared hit=13852848 read=776696 written=5350
   ->  Sort  (cost=1955165.18..1955165.18 rows=1 width=26) (actual time=58102.644..58102.654 rows=100 loops=1)
         Sort Key: (count(*)), supplier.s_name
         Sort Method: top-N heapsort  Memory: 32kB
         Buffers: shared hit=13852848 read=776696 written=5350
         ->  HashAggregate  (cost=1955165.16..1955165.17 rows=1 width=26) (actual time=58099.231..58101.349 rows=4021 loops=1)
               Group Key: supplier.s_name
               Buffers: shared hit=13852840 read=776696 written=5350
               ->  Nested Loop Anti Join  (cost=2443.74..1955165.15 rows=1 width=26) (actual time=30.535..57976.388 rows=39405 loops=1)
                     Buffers: shared hit=13852840 read=776696 written=5350
                     ->  Nested Loop Semi Join  (cost=2443.17..1955163.84 rows=1 width=34) (actual time=26.079..54225.850 rows=709509 loops=1)
                           Join Filter: (orders.o_orderkey = l2.l_orderkey)
                           Buffers: shared hit=10299108 read=774740 written=5337
                           ->  Nested Loop  (cost=2442.61..1435152.63 rows=389193 width=38) (actual time=26.041..47647.375 rows=736406 loops=1)
                                 Buffers: shared hit=6762595 read=623319 written=4368
                                 ->  Hash Join  (cost=2442.17..1012751.21 rows=802431 width=34) (actual time=26.010..36408.085 rows=1525483 loops=1)
                                       Hash Cond: (l1.l_suppkey = supplier.s_suppkey)
                                       Buffers: shared hit=712719 read=562930 written=3637
                                       ->  Index Scan using lineitem_l_orderkey_idx_part1 on lineitem l1  (cost=0.56..927057.34 rows=20060787 width=8) (actual time=0.129..23316.378 rows=37928885 loops=1)
                                             Buffers: shared hit=710867 read=562917 written=3637
                                       ->  Hash  (cost=2391.61..2391.61 rows=4000 width=30) (actual time=25.756..25.756 rows=4021 loops=1)
                                             Buckets: 4096  Batches: 1  Memory Usage: 284kB
                                             Buffers: shared hit=1849 read=13
                                             ->  Nested Loop  (cost=79.29..2391.61 rows=4000 width=30) (actual time=1.893..23.400 rows=4021 loops=1)
                                                   Buffers: shared hit=1849 read=13
                                                   ->  Seq Scan on nation  (cost=0.00..1.31 rows=1 width=4) (actual time=0.017..0.024 rows=1 loops=1)
                                                         Filter: (n_name = 'RUSSIA'::bpchar)
                                                         Rows Removed by Filter: 24
                                                         Buffers: shared hit=1
                                                   ->  Bitmap Heap Scan on supplier  (cost=79.29..2350.29 rows=4000 width=34) (actual time=1.866..21.724 rows=4021 loops=1)
                                                         Recheck Cond: (s_nationkey = nation.n_nationkey)
                                                         Heap Blocks: exact=1848
                                                         Buffers: shared hit=1848 read=13
                                                         ->  Bitmap Index Scan on supplier_s_nationkey_s_suppkey_idx  (cost=0.00..78.29 rows=4000 width=0) (actual time=1.397..1.397 rows=4021 loops=1)
                                                               Index Cond: (s_nationkey = nation.n_nationkey)
                                                               Buffers: shared read=13
                                 ->  Index Scan using orders_o_orderkey_o_orderdate_idx on orders  (cost=0.43..0.52 rows=1 width=4) (actual time=0.006..0.007 rows=0 loops=1525483)
                                       Index Cond: (o_orderkey = l1.l_orderkey)
                                       Filter: (o_orderstatus = 'F'::bpchar)
                                       Rows Removed by Filter: 1
                                       Buffers: shared hit=6049876 read=60389 written=731
                           ->  Index Scan using lineitem_l_orderkey_idx on lineitem l2  (cost=0.56..1.15 rows=15 width=8) (actual time=0.008..0.008 rows=1 loops=736406)
                                 Index Cond: (l_orderkey = l1.l_orderkey)
                                 Filter: (l_suppkey <> l1.l_suppkey)
                                 Rows Removed by Filter: 0
                                 Buffers: shared hit=3536513 read=151421 written=969
                     ->  Index Scan using lineitem_l_orderkey_idx_part1 on lineitem l3  (cost=0.56..0.91 rows=5 width=8) (actual time=0.005..0.005 rows=1 loops=709509)
                           Index Cond: (l_orderkey = l1.l_orderkey)
                           Filter: (l_suppkey <> l1.l_suppkey)
                           Rows Removed by Filter: 0
                           Buffers: shared hit=3553732 read=1956 written=13
 Planning time: 15.466 ms
 Execution time: 58103.238 ms
(54 rows)

COMMIT;
COMMIT
