BEGIN;
BEGIN
EXPLAIN (ANALYZE, BUFFERS)
select
	sum(l_extendedprice) / 7.0 as avg_yearly
from
	lineitem,
	part
where
	p_partkey = l_partkey
	and p_brand = 'Brand#54'
	and p_container = 'LG CASE'
	and l_quantity < (
		select
			0.2 * avg(l_quantity)
		from
			lineitem
		where
			l_partkey = p_partkey
	);
                                                                                               QUERY PLAN                                                                                               
--------------------------------------------------------------------------------------------------------------------------------------------------------------------------------------------------------
 Aggregate  (cost=351998.31..351998.32 rows=1 width=4) (actual time=704.199..704.199 rows=1 loops=1)
   Buffers: shared hit=57207 read=25762 dirtied=58 written=17
   ->  Nested Loop  (cost=130.19..351948.60 rows=19884 width=4) (actual time=0.790..703.220 rows=5299 loops=1)
         Buffers: shared hit=57207 read=25762 dirtied=58 written=17
         ->  Index Only Scan using part_p_container_p_brand_p_partkey_idx on part  (cost=0.43..7824.70 rows=1981 width=4) (actual time=0.152..33.680 rows=1978 loops=1)
               Index Cond: ((p_container = 'LG CASE'::bpchar) AND (p_brand = 'Brand#54'::bpchar))
               Heap Fetches: 1978
               Buffers: shared hit=56 read=1888 written=2
         ->  Index Scan using lineitem_l_partkey_l_quantity_l_shipmode_idx on lineitem  (cost=129.76..173.61 rows=10 width=12) (actual time=0.005..0.007 rows=3 loops=1978)
               Index Cond: ((l_partkey = part.p_partkey) AND (l_quantity < (SubPlan 1)))
               Buffers: shared hit=13257
               SubPlan 1
                 ->  Aggregate  (cost=129.19..129.20 rows=1 width=4) (actual time=0.328..0.328 rows=1 loops=1978)
                       Buffers: shared hit=43894 read=23874 dirtied=58 written=15
                       ->  Index Only Scan using lineitem_l_partkey_l_quantity_l_shipmode_idx on lineitem lineitem_1  (cost=0.56..129.11 rows=31 width=4) (actual time=0.036..0.319 rows=30 loops=1978)
                             Index Cond: (l_partkey = part.p_partkey)
                             Heap Fetches: 59542
                             Buffers: shared hit=43894 read=23874 dirtied=58 written=15
               SubPlan 1
                 ->  Aggregate  (cost=129.19..129.20 rows=1 width=4) (actual time=0.328..0.328 rows=1 loops=1978)
                       Buffers: shared hit=43894 read=23874 dirtied=58 written=15
                       ->  Index Only Scan using lineitem_l_partkey_l_quantity_l_shipmode_idx on lineitem lineitem_1  (cost=0.56..129.11 rows=31 width=4) (actual time=0.036..0.319 rows=30 loops=1978)
                             Index Cond: (l_partkey = part.p_partkey)
                             Heap Fetches: 59542
                             Buffers: shared hit=43894 read=23874 dirtied=58 written=15
 Planning time: 2.990 ms
 Execution time: 704.368 ms
(27 rows)

COMMIT;
COMMIT
