BEGIN;
BEGIN
EXPLAIN (ANALYZE, BUFFERS)
select
	s_name,
	count(*) as numwait
from
	supplier,
	lineitem l1,
	orders,
	nation
where
	s_suppkey = l1.l_suppkey
	and o_orderkey = l1.l_orderkey
	and o_orderstatus = 'F'
	and l1.l_receiptdate > l1.l_commitdate
	and exists (
		select
			*
		from
			lineitem l2
		where
			l2.l_orderkey = l1.l_orderkey
			and l2.l_suppkey <> l1.l_suppkey
	)
	and not exists (
		select
			*
		from
			lineitem l3
		where
			l3.l_orderkey = l1.l_orderkey
			and l3.l_suppkey <> l1.l_suppkey
			and l3.l_receiptdate > l3.l_commitdate
	)
	and s_nationkey = n_nationkey
	and n_name = 'JORDAN'
group by
	s_name
order by
	numwait desc,
	s_name
LIMIT 100;
                                                                                                 QUERY PLAN                                                                                                 
------------------------------------------------------------------------------------------------------------------------------------------------------------------------------------------------------------
 Limit  (cost=1972287.34..1972287.34 rows=1 width=26) (actual time=49287.264..49287.282 rows=100 loops=1)
   Buffers: shared hit=13580657 read=786301 written=5933
   ->  Sort  (cost=1972287.34..1972287.34 rows=1 width=26) (actual time=49287.262..49287.270 rows=100 loops=1)
         Sort Key: (count(*)), supplier.s_name
         Sort Method: top-N heapsort  Memory: 32kB
         Buffers: shared hit=13580657 read=786301 written=5933
         ->  HashAggregate  (cost=1972287.32..1972287.33 rows=1 width=26) (actual time=49284.906..49286.024 rows=3933 loops=1)
               Group Key: supplier.s_name
               Buffers: shared hit=13580649 read=786301 written=5933
               ->  Nested Loop Anti Join  (cost=2443.74..1972287.31 rows=1 width=26) (actual time=25.194..49212.306 rows=39117 loops=1)
                     Buffers: shared hit=13580649 read=786301 written=5933
                     ->  Nested Loop Semi Join  (cost=2443.17..1972286.00 rows=1 width=34) (actual time=24.777..45998.955 rows=694927 loops=1)
                           Join Filter: (orders.o_orderkey = l2.l_orderkey)
                           Buffers: shared hit=10099915 read=784293 written=5916
                           ->  Nested Loop  (cost=2442.61..1447667.20 rows=392572 width=38) (actual time=24.741..39895.743 rows=721419 loops=1)
                                 Buffers: shared hit=6652706 read=618414 written=4746
                                 ->  Hash Join  (cost=2442.17..1021524.67 rows=809400 width=34) (actual time=24.709..30118.314 rows=1493263 loops=1)
                                       Hash Cond: (l1.l_suppkey = supplier.s_suppkey)
                                       Buffers: shared hit=743423 read=546517 written=4347
                                       ->  Index Scan using lineitem_l_orderkey_idx_part1 on lineitem l1  (cost=0.56..935107.85 rows=20234988 width=8) (actual time=0.145..20764.033 rows=37966174 loops=1)
                                             Buffers: shared hit=741562 read=546504 written=4347
                                       ->  Hash  (cost=2391.61..2391.61 rows=4000 width=30) (actual time=24.471..24.471 rows=3933 loops=1)
                                             Buckets: 4096  Batches: 1  Memory Usage: 278kB
                                             Buffers: shared hit=1858 read=13
                                             ->  Nested Loop  (cost=79.29..2391.61 rows=4000 width=30) (actual time=1.977..22.387 rows=3933 loops=1)
                                                   Buffers: shared hit=1858 read=13
                                                   ->  Seq Scan on nation  (cost=0.00..1.31 rows=1 width=4) (actual time=0.014..0.023 rows=1 loops=1)
                                                         Filter: (n_name = 'JORDAN'::bpchar)
                                                         Rows Removed by Filter: 24
                                                         Buffers: shared hit=1
                                                   ->  Bitmap Heap Scan on supplier  (cost=79.29..2350.29 rows=4000 width=34) (actual time=1.950..20.743 rows=3933 loops=1)
                                                         Recheck Cond: (s_nationkey = nation.n_nationkey)
                                                         Heap Blocks: exact=1857
                                                         Buffers: shared hit=1857 read=13
                                                         ->  Bitmap Index Scan on supplier_s_nationkey_s_suppkey_idx  (cost=0.00..78.29 rows=4000 width=0) (actual time=1.562..1.562 rows=3933 loops=1)
                                                               Index Cond: (s_nationkey = nation.n_nationkey)
                                                               Buffers: shared read=13
                                 ->  Index Scan using orders_o_orderkey_o_orderdate_idx on orders  (cost=0.43..0.52 rows=1 width=4) (actual time=0.006..0.006 rows=0 loops=1493263)
                                       Index Cond: (o_orderkey = l1.l_orderkey)
                                       Filter: (o_orderstatus = 'F'::bpchar)
                                       Rows Removed by Filter: 1
                                       Buffers: shared hit=5909283 read=71897 written=399
                           ->  Index Scan using lineitem_l_orderkey_idx on lineitem l2  (cost=0.56..1.15 rows=15 width=8) (actual time=0.008..0.008 rows=1 loops=721419)
                                 Index Cond: (l_orderkey = l1.l_orderkey)
                                 Filter: (l_suppkey <> l1.l_suppkey)
                                 Rows Removed by Filter: 0
                                 Buffers: shared hit=3447209 read=165879 written=1170
                     ->  Index Scan using lineitem_l_orderkey_idx_part1 on lineitem l3  (cost=0.56..0.91 rows=5 width=8) (actual time=0.004..0.004 rows=1 loops=694927)
                           Index Cond: (l_orderkey = l1.l_orderkey)
                           Filter: (l_suppkey <> l1.l_suppkey)
                           Rows Removed by Filter: 0
                           Buffers: shared hit=3480734 read=2008 written=17
 Planning time: 16.031 ms
 Execution time: 49287.775 ms
(54 rows)

COMMIT;
COMMIT
