BEGIN;
BEGIN
EXPLAIN (ANALYZE, BUFFERS)
select
	s_name,
	count(*) as numwait
from
	supplier,
	lineitem l1,
	orders,
	nation
where
	s_suppkey = l1.l_suppkey
	and o_orderkey = l1.l_orderkey
	and o_orderstatus = 'F'
	and l1.l_receiptdate > l1.l_commitdate
	and exists (
		select
			*
		from
			lineitem l2
		where
			l2.l_orderkey = l1.l_orderkey
			and l2.l_suppkey <> l1.l_suppkey
	)
	and not exists (
		select
			*
		from
			lineitem l3
		where
			l3.l_orderkey = l1.l_orderkey
			and l3.l_suppkey <> l1.l_suppkey
			and l3.l_receiptdate > l3.l_commitdate
	)
	and s_nationkey = n_nationkey
	and n_name = 'ARGENTINA'
group by
	s_name
order by
	numwait desc,
	s_name
LIMIT 100;
                                                                                                 QUERY PLAN                                                                                                 
------------------------------------------------------------------------------------------------------------------------------------------------------------------------------------------------------------
 Limit  (cost=1952672.94..1952672.94 rows=1 width=26) (actual time=54264.443..54264.462 rows=100 loops=1)
   Buffers: shared hit=14162906 read=432358 dirtied=748 written=52
   ->  Sort  (cost=1952672.94..1952672.94 rows=1 width=26) (actual time=54264.440..54264.449 rows=100 loops=1)
         Sort Key: (count(*)), supplier.s_name
         Sort Method: top-N heapsort  Memory: 32kB
         Buffers: shared hit=14162906 read=432358 dirtied=748 written=52
         ->  HashAggregate  (cost=1952672.92..1952672.93 rows=1 width=26) (actual time=54262.097..54263.229 rows=4007 loops=1)
               Group Key: supplier.s_name
               Buffers: shared hit=14162898 read=432358 dirtied=748 written=52
               ->  Nested Loop Anti Join  (cost=2443.74..1952672.91 rows=1 width=26) (actual time=18.939..54158.146 rows=39901 loops=1)
                     Buffers: shared hit=14162898 read=432358 dirtied=748 written=52
                     ->  Nested Loop Semi Join  (cost=2443.17..1952671.61 rows=1 width=34) (actual time=18.243..50419.788 rows=708400 loops=1)
                           Join Filter: (orders.o_orderkey = l2.l_orderkey)
                           Buffers: shared hit=10613445 read=431341 dirtied=748 written=51
                           ->  Nested Loop  (cost=2442.61..1433336.65 rows=388697 width=38) (actual time=18.222..44367.236 rows=734959 loops=1)
                                 Buffers: shared hit=6999784 read=364051 dirtied=745 written=45
                                 ->  Hash Join  (cost=2442.17..1011465.62 rows=801411 width=34) (actual time=18.161..33626.001 rows=1521941 loops=1)
                                       Hash Cond: (l1.l_suppkey = supplier.s_suppkey)
                                       Buffers: shared hit=937036 read=330767 dirtied=492 written=42
                                       ->  Index Scan using lineitem_l_orderkey_idx_part1 on lineitem l1  (cost=0.56..925877.67 rows=20035263 width=8) (actual time=0.100..21084.358 rows=37966905 loops=1)
                                             Buffers: shared hit=935187 read=330754 dirtied=492 written=42
                                       ->  Hash  (cost=2391.61..2391.61 rows=4000 width=30) (actual time=18.005..18.005 rows=4007 loops=1)
                                             Buckets: 4096  Batches: 1  Memory Usage: 283kB
                                             Buffers: shared hit=1846 read=13
                                             ->  Nested Loop  (cost=79.29..2391.61 rows=4000 width=30) (actual time=1.246..16.878 rows=4007 loops=1)
                                                   Buffers: shared hit=1846 read=13
                                                   ->  Seq Scan on nation  (cost=0.00..1.31 rows=1 width=4) (actual time=0.008..0.017 rows=1 loops=1)
                                                         Filter: (n_name = 'ARGENTINA'::bpchar)
                                                         Rows Removed by Filter: 24
                                                         Buffers: shared hit=1
                                                   ->  Bitmap Heap Scan on supplier  (cost=79.29..2350.29 rows=4000 width=34) (actual time=1.232..16.056 rows=4007 loops=1)
                                                         Recheck Cond: (s_nationkey = nation.n_nationkey)
                                                         Heap Blocks: exact=1845
                                                         Buffers: shared hit=1845 read=13
                                                         ->  Bitmap Index Scan on supplier_s_nationkey_s_suppkey_idx  (cost=0.00..78.29 rows=4000 width=0) (actual time=0.931..0.931 rows=4007 loops=1)
                                                               Index Cond: (s_nationkey = nation.n_nationkey)
                                                               Buffers: shared read=13
                                 ->  Index Scan using orders_o_orderkey_o_orderdate_idx on orders  (cost=0.43..0.52 rows=1 width=4) (actual time=0.006..0.006 rows=0 loops=1521941)
                                       Index Cond: (o_orderkey = l1.l_orderkey)
                                       Filter: (o_orderstatus = 'F'::bpchar)
                                       Rows Removed by Filter: 1
                                       Buffers: shared hit=6062748 read=33284 dirtied=253 written=3
                           ->  Index Scan using lineitem_l_orderkey_idx on lineitem l2  (cost=0.56..1.15 rows=15 width=8) (actual time=0.007..0.007 rows=1 loops=734959)
                                 Index Cond: (l_orderkey = l1.l_orderkey)
                                 Filter: (l_suppkey <> l1.l_suppkey)
                                 Rows Removed by Filter: 0
                                 Buffers: shared hit=3613661 read=67290 dirtied=3 written=6
                     ->  Index Scan using lineitem_l_orderkey_idx_part1 on lineitem l3  (cost=0.56..0.91 rows=5 width=8) (actual time=0.005..0.005 rows=1 loops=708400)
                           Index Cond: (l_orderkey = l1.l_orderkey)
                           Filter: (l_suppkey <> l1.l_suppkey)
                           Rows Removed by Filter: 0
                           Buffers: shared hit=3549453 read=1017 written=1
 Planning time: 11.049 ms
 Execution time: 54264.851 ms
(54 rows)

COMMIT;
COMMIT
