BEGIN;
BEGIN
EXPLAIN (ANALYZE, BUFFERS)
select
	sum(l_extendedprice) / 7.0 as avg_yearly
from
	lineitem,
	part
where
	p_partkey = l_partkey
	and p_brand = 'Brand#12'
	and p_container = 'LG CAN'
	and l_quantity < (
		select
			0.2 * avg(l_quantity)
		from
			lineitem
		where
			l_partkey = p_partkey
	);
                                                                                               QUERY PLAN                                                                                               
--------------------------------------------------------------------------------------------------------------------------------------------------------------------------------------------------------
 Aggregate  (cost=361921.72..361921.73 rows=1 width=4) (actual time=793.174..793.174 rows=1 loops=1)
   Buffers: shared hit=54872 read=28496 dirtied=55
   ->  Nested Loop  (cost=130.19..361870.65 rows=20426 width=4) (actual time=1.410..792.165 rows=5359 loops=1)
         Buffers: shared hit=54872 read=28496 dirtied=55
         ->  Index Only Scan using part_p_container_p_brand_p_partkey_idx on part  (cost=0.43..8041.73 rows=2037 width=4) (actual time=0.198..28.468 rows=1983 loops=1)
               Index Cond: ((p_container = 'LG CAN'::bpchar) AND (p_brand = 'Brand#12'::bpchar))
               Heap Fetches: 1983
               Buffers: shared hit=725 read=1217
         ->  Index Scan using lineitem_l_partkey_l_quantity_l_shipmode_idx on lineitem  (cost=129.76..173.60 rows=10 width=12) (actual time=0.006..0.007 rows=3 loops=1983)
               Index Cond: ((l_partkey = part.p_partkey) AND (l_quantity < (SubPlan 1)))
               Buffers: shared hit=13328
               SubPlan 1
                 ->  Aggregate  (cost=129.19..129.20 rows=1 width=4) (actual time=0.374..0.374 rows=1 loops=1983)
                       Buffers: shared hit=40819 read=27279 dirtied=55
                       ->  Index Only Scan using lineitem_l_partkey_l_quantity_l_shipmode_idx on lineitem lineitem_1  (cost=0.56..129.11 rows=31 width=4) (actual time=0.040..0.365 rows=30 loops=1983)
                             Index Cond: (l_partkey = part.p_partkey)
                             Heap Fetches: 59867
                             Buffers: shared hit=40819 read=27279 dirtied=55
               SubPlan 1
                 ->  Aggregate  (cost=129.19..129.20 rows=1 width=4) (actual time=0.374..0.374 rows=1 loops=1983)
                       Buffers: shared hit=40819 read=27279 dirtied=55
                       ->  Index Only Scan using lineitem_l_partkey_l_quantity_l_shipmode_idx on lineitem lineitem_1  (cost=0.56..129.11 rows=31 width=4) (actual time=0.040..0.365 rows=30 loops=1983)
                             Index Cond: (l_partkey = part.p_partkey)
                             Heap Fetches: 59867
                             Buffers: shared hit=40819 read=27279 dirtied=55
 Planning time: 4.438 ms
 Execution time: 793.434 ms
(27 rows)

COMMIT;
COMMIT
