BEGIN;
BEGIN
EXPLAIN (ANALYZE, BUFFERS)
select
	s_name,
	count(*) as numwait
from
	supplier,
	lineitem l1,
	orders,
	nation
where
	s_suppkey = l1.l_suppkey
	and o_orderkey = l1.l_orderkey
	and o_orderstatus = 'F'
	and l1.l_receiptdate > l1.l_commitdate
	and exists (
		select
			*
		from
			lineitem l2
		where
			l2.l_orderkey = l1.l_orderkey
			and l2.l_suppkey <> l1.l_suppkey
	)
	and not exists (
		select
			*
		from
			lineitem l3
		where
			l3.l_orderkey = l1.l_orderkey
			and l3.l_suppkey <> l1.l_suppkey
			and l3.l_receiptdate > l3.l_commitdate
	)
	and s_nationkey = n_nationkey
	and n_name = 'ARGENTINA'
group by
	s_name
order by
	numwait desc,
	s_name
LIMIT 100;
                                                                                                 QUERY PLAN                                                                                                 
------------------------------------------------------------------------------------------------------------------------------------------------------------------------------------------------------------
 Limit  (cost=1950701.21..1950701.21 rows=1 width=26) (actual time=51224.455..51224.474 rows=100 loops=1)
   Buffers: shared hit=14424541 read=155166 dirtied=160 written=23
   ->  Sort  (cost=1950701.21..1950701.21 rows=1 width=26) (actual time=51224.452..51224.460 rows=100 loops=1)
         Sort Key: (count(*)), supplier.s_name
         Sort Method: top-N heapsort  Memory: 32kB
         Buffers: shared hit=14424541 read=155166 dirtied=160 written=23
         ->  HashAggregate  (cost=1950701.19..1950701.20 rows=1 width=26) (actual time=51221.030..51223.183 rows=4007 loops=1)
               Group Key: supplier.s_name
               Buffers: shared hit=14424533 read=155166 dirtied=160 written=23
               ->  Nested Loop Anti Join  (cost=2443.74..1950701.18 rows=1 width=26) (actual time=67.882..51120.951 rows=39858 loops=1)
                     Buffers: shared hit=14424533 read=155166 dirtied=160 written=23
                     ->  Nested Loop Semi Join  (cost=2443.17..1950699.88 rows=1 width=34) (actual time=67.089..47397.037 rows=707693 loops=1)
                           Join Filter: (orders.o_orderkey = l2.l_orderkey)
                           Buffers: shared hit=10877884 read=154892 dirtied=160 written=23
                           ->  Nested Loop  (cost=2442.61..1431894.86 rows=388308 width=38) (actual time=67.058..41761.796 rows=734231 loops=1)
                                 Buffers: shared hit=7228037 read=127434 dirtied=160 written=20
                                 ->  Hash Join  (cost=2442.17..1010453.46 rows=800607 width=34) (actual time=66.972..32105.823 rows=1520420 loops=1)
                                       Hash Cond: (l1.l_suppkey = supplier.s_suppkey)
                                       Buffers: shared hit=1154076 read=111470 dirtied=159 written=18
                                       ->  Index Scan using lineitem_l_orderkey_idx_part1 on lineitem l1  (cost=0.56..924948.92 rows=20015163 width=8) (actual time=0.039..19800.319 rows=37928797 loops=1)
                                             Buffers: shared hit=1152541 read=111143 dirtied=159 written=18
                                       ->  Hash  (cost=2391.61..2391.61 rows=4000 width=30) (actual time=66.852..66.852 rows=4007 loops=1)
                                             Buckets: 4096  Batches: 1  Memory Usage: 283kB
                                             Buffers: shared hit=1532 read=327
                                             ->  Nested Loop  (cost=79.29..2391.61 rows=4000 width=30) (actual time=1.756..64.789 rows=4007 loops=1)
                                                   Buffers: shared hit=1532 read=327
                                                   ->  Seq Scan on nation  (cost=0.00..1.31 rows=1 width=4) (actual time=0.005..0.020 rows=1 loops=1)
                                                         Filter: (n_name = 'ARGENTINA'::bpchar)
                                                         Rows Removed by Filter: 24
                                                         Buffers: shared hit=1
                                                   ->  Bitmap Heap Scan on supplier  (cost=79.29..2350.29 rows=4000 width=34) (actual time=1.741..63.500 rows=4007 loops=1)
                                                         Recheck Cond: (s_nationkey = nation.n_nationkey)
                                                         Heap Blocks: exact=1845
                                                         Buffers: shared hit=1531 read=327
                                                         ->  Bitmap Index Scan on supplier_s_nationkey_s_suppkey_idx  (cost=0.00..78.29 rows=4000 width=0) (actual time=1.319..1.319 rows=4007 loops=1)
                                                               Index Cond: (s_nationkey = nation.n_nationkey)
                                                               Buffers: shared hit=1 read=12
                                 ->  Index Scan using orders_o_orderkey_o_orderdate_idx on orders  (cost=0.43..0.52 rows=1 width=4) (actual time=0.005..0.006 rows=0 loops=1520420)
                                       Index Cond: (o_orderkey = l1.l_orderkey)
                                       Filter: (o_orderstatus = 'F'::bpchar)
                                       Rows Removed by Filter: 1
                                       Buffers: shared hit=6073961 read=15964 dirtied=1 written=2
                           ->  Index Scan using lineitem_l_orderkey_idx on lineitem l2  (cost=0.56..1.15 rows=15 width=8) (actual time=0.007..0.007 rows=1 loops=734231)
                                 Index Cond: (l_orderkey = l1.l_orderkey)
                                 Filter: (l_suppkey <> l1.l_suppkey)
                                 Rows Removed by Filter: 0
                                 Buffers: shared hit=3649847 read=27458 written=3
                     ->  Index Scan using lineitem_l_orderkey_idx_part1 on lineitem l3  (cost=0.56..0.91 rows=5 width=8) (actual time=0.005..0.005 rows=1 loops=707693)
                           Index Cond: (l_orderkey = l1.l_orderkey)
                           Filter: (l_suppkey <> l1.l_suppkey)
                           Rows Removed by Filter: 0
                           Buffers: shared hit=3546649 read=274
 Planning time: 9.805 ms
 Execution time: 51224.934 ms
(54 rows)

COMMIT;
COMMIT
