BEGIN;
BEGIN
EXPLAIN (ANALYZE, BUFFERS)
select
	s_name,
	count(*) as numwait
from
	supplier,
	lineitem l1,
	orders,
	nation
where
	s_suppkey = l1.l_suppkey
	and o_orderkey = l1.l_orderkey
	and o_orderstatus = 'F'
	and l1.l_receiptdate > l1.l_commitdate
	and exists (
		select
			*
		from
			lineitem l2
		where
			l2.l_orderkey = l1.l_orderkey
			and l2.l_suppkey <> l1.l_suppkey
	)
	and not exists (
		select
			*
		from
			lineitem l3
		where
			l3.l_orderkey = l1.l_orderkey
			and l3.l_suppkey <> l1.l_suppkey
			and l3.l_receiptdate > l3.l_commitdate
	)
	and s_nationkey = n_nationkey
	and n_name = 'JORDAN'
group by
	s_name
order by
	numwait desc,
	s_name
LIMIT 100;
                                                                                                 QUERY PLAN                                                                                                 
------------------------------------------------------------------------------------------------------------------------------------------------------------------------------------------------------------
 Limit  (cost=1950701.21..1950701.21 rows=1 width=26) (actual time=51842.086..51842.104 rows=100 loops=1)
   Buffers: shared hit=14062152 read=270913 dirtied=199 written=2244
   ->  Sort  (cost=1950701.21..1950701.21 rows=1 width=26) (actual time=51842.084..51842.091 rows=100 loops=1)
         Sort Key: (count(*)), supplier.s_name
         Sort Method: top-N heapsort  Memory: 32kB
         Buffers: shared hit=14062152 read=270913 dirtied=199 written=2244
         ->  HashAggregate  (cost=1950701.19..1950701.20 rows=1 width=26) (actual time=51838.907..51840.847 rows=3933 loops=1)
               Group Key: supplier.s_name
               Buffers: shared hit=14062144 read=270913 dirtied=199 written=2244
               ->  Nested Loop Anti Join  (cost=2443.74..1950701.18 rows=1 width=26) (actual time=46.993..51740.739 rows=39098 loops=1)
                     Buffers: shared hit=14062144 read=270913 dirtied=199 written=2244
                     ->  Nested Loop Semi Join  (cost=2443.17..1950699.88 rows=1 width=34) (actual time=46.611..47960.416 rows=694389 loops=1)
                           Join Filter: (orders.o_orderkey = l2.l_orderkey)
                           Buffers: shared hit=10582541 read=270460 dirtied=199 written=2240
                           ->  Nested Loop  (cost=2442.61..1431894.86 rows=388308 width=38) (actual time=46.579..41628.346 rows=720842 loops=1)
                                 Buffers: shared hit=7034111 read=208686 dirtied=199 written=1544
                                 ->  Hash Join  (cost=2442.17..1010453.46 rows=800607 width=34) (actual time=46.542..31360.540 rows=1492137 loops=1)
                                       Hash Cond: (l1.l_suppkey = supplier.s_suppkey)
                                       Buffers: shared hit=1097712 read=168362 dirtied=198 written=984
                                       ->  Index Scan using lineitem_l_orderkey_idx_part1 on lineitem l1  (cost=0.56..924948.92 rows=20015163 width=8) (actual time=0.040..19502.179 rows=37928797 loops=1)
                                             Buffers: shared hit=1096009 read=168191 dirtied=198 written=984
                                       ->  Hash  (cost=2391.61..2391.61 rows=4000 width=30) (actual time=46.415..46.415 rows=3933 loops=1)
                                             Buckets: 4096  Batches: 1  Memory Usage: 278kB
                                             Buffers: shared hit=1700 read=171
                                             ->  Nested Loop  (cost=79.29..2391.61 rows=4000 width=30) (actual time=1.414..44.616 rows=3933 loops=1)
                                                   Buffers: shared hit=1700 read=171
                                                   ->  Seq Scan on nation  (cost=0.00..1.31 rows=1 width=4) (actual time=0.013..0.025 rows=1 loops=1)
                                                         Filter: (n_name = 'JORDAN'::bpchar)
                                                         Rows Removed by Filter: 24
                                                         Buffers: shared hit=1
                                                   ->  Bitmap Heap Scan on supplier  (cost=79.29..2350.29 rows=4000 width=34) (actual time=1.394..43.533 rows=3933 loops=1)
                                                         Recheck Cond: (s_nationkey = nation.n_nationkey)
                                                         Heap Blocks: exact=1857
                                                         Buffers: shared hit=1699 read=171
                                                         ->  Bitmap Index Scan on supplier_s_nationkey_s_suppkey_idx  (cost=0.00..78.29 rows=4000 width=0) (actual time=1.062..1.062 rows=3933 loops=1)
                                                               Index Cond: (s_nationkey = nation.n_nationkey)
                                                               Buffers: shared hit=2 read=11
                                 ->  Index Scan using orders_o_orderkey_o_orderdate_idx on orders  (cost=0.43..0.52 rows=1 width=4) (actual time=0.006..0.006 rows=0 loops=1492137)
                                       Index Cond: (o_orderkey = l1.l_orderkey)
                                       Filter: (o_orderstatus = 'F'::bpchar)
                                       Rows Removed by Filter: 1
                                       Buffers: shared hit=5936399 read=40324 dirtied=1 written=560
                           ->  Index Scan using lineitem_l_orderkey_idx on lineitem l2  (cost=0.56..1.15 rows=15 width=8) (actual time=0.008..0.008 rows=1 loops=720842)
                                 Index Cond: (l_orderkey = l1.l_orderkey)
                                 Filter: (l_suppkey <> l1.l_suppkey)
                                 Rows Removed by Filter: 0
                                 Buffers: shared hit=3548430 read=61774 written=696
                     ->  Index Scan using lineitem_l_orderkey_idx_part1 on lineitem l3  (cost=0.56..0.91 rows=5 width=8) (actual time=0.005..0.005 rows=1 loops=694389)
                           Index Cond: (l_orderkey = l1.l_orderkey)
                           Filter: (l_suppkey <> l1.l_suppkey)
                           Rows Removed by Filter: 0
                           Buffers: shared hit=3479603 read=453 written=4
 Planning time: 11.495 ms
 Execution time: 51842.589 ms
(54 rows)

COMMIT;
COMMIT
